c:\users\dante\source\repos\una-eif201-19g01\proyecto-2-vital-salud-danter28\proyecto-2-vital-salud-danter28\debug\vc142.pdb
c:\users\dante\source\repos\una-eif201-19g01\proyecto-2-vital-salud-danter28\proyecto-2-vital-salud-danter28\debug\vc142.idb
c:\users\dante\source\repos\una-eif201-19g01\proyecto-2-vital-salud-danter28\proyecto-2-vital-salud-danter28\debug\salon.obj
c:\users\dante\source\repos\una-eif201-19g01\proyecto-2-vital-salud-danter28\proyecto-2-vital-salud-danter28\debug\menu.obj
c:\users\dante\source\repos\una-eif201-19g01\proyecto-2-vital-salud-danter28\proyecto-2-vital-salud-danter28\debug\main.obj
c:\users\dante\source\repos\una-eif201-19g01\proyecto-2-vital-salud-danter28\proyecto-2-vital-salud-danter28\debug\interfaz.obj
c:\users\dante\source\repos\una-eif201-19g01\proyecto-2-vital-salud-danter28\proyecto-2-vital-salud-danter28\debug\expediente.obj
c:\users\dante\source\repos\una-eif201-19g01\proyecto-2-vital-salud-danter28\proyecto-2-vital-salud-danter28\debug\ejercicio.obj
c:\users\dante\source\repos\una-eif201-19g01\proyecto-2-vital-salud-danter28\proyecto-2-vital-salud-danter28\debug\clase.obj
c:\users\dante\source\repos\una-eif201-19g01\proyecto-2-vital-salud-danter28\proyecto-2-vital-salud-danter28\debug\persona.obj
c:\users\dante\source\repos\una-eif201-19g01\proyecto-2-vital-salud-danter28\proyecto-2-vital-salud-danter28\debug\instructor.obj
c:\users\dante\source\repos\una-eif201-19g01\proyecto-2-vital-salud-danter28\proyecto-2-vital-salud-danter28\debug\socio.obj
c:\users\dante\source\repos\una-eif201-19g01\proyecto-2-vital-salud-danter28\proyecto-2-vital-salud-danter28\debug\rutina.obj
c:\users\dante\source\repos\una-eif201-19g01\proyecto-2-vital-salud-danter28\proyecto-2-vital-salud-danter28\debug\nodos.obj
c:\users\dante\onedrive\desktop\proyecto-2-vital-salud-danter28\proyecto-2-vital-salud-danter28\proyecto-2-vital-salud-danter28\debug\vc142.pdb
c:\users\dante\onedrive\desktop\proyecto-2-vital-salud-danter28\proyecto-2-vital-salud-danter28\proyecto-2-vital-salud-danter28\debug\vc142.idb
c:\users\dante\onedrive\desktop\proyecto-2-vital-salud-danter28\proyecto-2-vital-salud-danter28\proyecto-2-vital-salud-danter28\debug\socio.obj
c:\users\dante\onedrive\desktop\proyecto-2-vital-salud-danter28\proyecto-2-vital-salud-danter28\proyecto-2-vital-salud-danter28\debug\salon.obj
c:\users\dante\onedrive\desktop\proyecto-2-vital-salud-danter28\proyecto-2-vital-salud-danter28\proyecto-2-vital-salud-danter28\debug\rutina.obj
c:\users\dante\onedrive\desktop\proyecto-2-vital-salud-danter28\proyecto-2-vital-salud-danter28\proyecto-2-vital-salud-danter28\debug\persona.obj
c:\users\dante\onedrive\desktop\proyecto-2-vital-salud-danter28\proyecto-2-vital-salud-danter28\proyecto-2-vital-salud-danter28\debug\nodos.obj
c:\users\dante\onedrive\desktop\proyecto-2-vital-salud-danter28\proyecto-2-vital-salud-danter28\proyecto-2-vital-salud-danter28\debug\menu.obj
c:\users\dante\onedrive\desktop\proyecto-2-vital-salud-danter28\proyecto-2-vital-salud-danter28\proyecto-2-vital-salud-danter28\debug\main.obj
c:\users\dante\onedrive\desktop\proyecto-2-vital-salud-danter28\proyecto-2-vital-salud-danter28\proyecto-2-vital-salud-danter28\debug\interfaz.obj
c:\users\dante\onedrive\desktop\proyecto-2-vital-salud-danter28\proyecto-2-vital-salud-danter28\proyecto-2-vital-salud-danter28\debug\instructor.obj
c:\users\dante\onedrive\desktop\proyecto-2-vital-salud-danter28\proyecto-2-vital-salud-danter28\proyecto-2-vital-salud-danter28\debug\expediente.obj
c:\users\dante\onedrive\desktop\proyecto-2-vital-salud-danter28\proyecto-2-vital-salud-danter28\proyecto-2-vital-salud-danter28\debug\ejercicio.obj
c:\users\dante\onedrive\desktop\proyecto-2-vital-salud-danter28\proyecto-2-vital-salud-danter28\proyecto-2-vital-salud-danter28\debug\clase.obj
c:\users\dante\source\repos\una-eif201-19g01\proyecto-2-vital-salud-danter28\proyecto-2-vital-salud-danter28\debug\proyecto-2-vital-salud-danter28.exe
c:\users\dante\source\repos\una-eif201-19g01\proyecto-2-vital-salud-danter28\proyecto-2-vital-salud-danter28\debug\proyecto-2-vital-salud-danter28.ilk
c:\users\dante\source\repos\una-eif201-19g01\proyecto-2-vital-salud-danter28\proyecto-2-vital-salud-danter28\debug\proyecto-2-vital-salud-danter28.pdb
c:\users\dante\onedrive\desktop\proyecto-2-vital-salud-danter28\proyecto-2-vital-salud-danter28\proyecto-2-vital-salud-danter28\debug\proyecto-2-vital-salud-danter28.ilk
c:\users\dante\onedrive\desktop\proyecto-2-vital-salud-danter28\proyecto-2-vital-salud-danter28\proyecto-2-vital-salud-danter28\debug\proyecto-2-vital-salud-danter28.pdb
c:\users\dante\onedrive\desktop\proyecto-2-vital-salud-danter28\proyecto-2-vital-salud-danter28\proyecto-2-vital-salud-danter28\debug\proyecto-2-vital-salud-danter28.exe
c:\users\dante\onedrive\desktop\proyecto-2-vital-salud-danter28\proyecto-2-vital-salud-danter28\proyecto-2-vital-salud-danter28\debug\proyecto.ec43b32d.tlog\cl.command.1.tlog
c:\users\dante\onedrive\desktop\proyecto-2-vital-salud-danter28\proyecto-2-vital-salud-danter28\proyecto-2-vital-salud-danter28\debug\proyecto.ec43b32d.tlog\cl.read.1.tlog
c:\users\dante\onedrive\desktop\proyecto-2-vital-salud-danter28\proyecto-2-vital-salud-danter28\proyecto-2-vital-salud-danter28\debug\proyecto.ec43b32d.tlog\cl.write.1.tlog
c:\users\dante\onedrive\desktop\proyecto-2-vital-salud-danter28\proyecto-2-vital-salud-danter28\proyecto-2-vital-salud-danter28\debug\proyecto.ec43b32d.tlog\link.command.1.tlog
c:\users\dante\onedrive\desktop\proyecto-2-vital-salud-danter28\proyecto-2-vital-salud-danter28\proyecto-2-vital-salud-danter28\debug\proyecto.ec43b32d.tlog\link.read.1.tlog
c:\users\dante\onedrive\desktop\proyecto-2-vital-salud-danter28\proyecto-2-vital-salud-danter28\proyecto-2-vital-salud-danter28\debug\proyecto.ec43b32d.tlog\link.write.1.tlog
